<?xml version="1.0" encoding="UTF-8"?>
<!-- Generated by org.testng.reporters.JUnitXMLReporter -->
<testsuite ignored="0" hostname="DESKTOP-B747MDQ" failures="1" tests="6" name="Test" time="177.901" errors="0" timestamp="2025-04-27T22:48:39 IST">
  <testcase classname="testCases.TC001_AccountRegistrationTest" name="fill_Details" time="7.897"/>
  <testcase classname="testCases.TC002_FillLoginDetailsTest" name="fillLogin" time="5.56"/>
  <testcase classname="testCases.TC003_LoginTestDDT" name="verify_loginDDT" time="2.554"/>
  <testcase classname="testCases.TC003_LoginTestDDT" name="verify_loginDDT" time="17.856">
    <failure type="java.lang.AssertionError" message="null">
      <![CDATA[java.lang.AssertionError: null
at testCases.TC003_LoginTestDDT.verify_loginDDT(TC003_LoginTestDDT.java:84)
at java.base/java.util.ArrayList.forEach(ArrayList.java:1511)
... Removed 29 stack frames]]>
    </failure>
  </testcase> <!-- verify_loginDDT -->
  <testcase classname="testCases.TC003_LoginTestDDT" name="verify_loginDDT" time="2.321"/>
  <testcase classname="testCases.TC003_LoginTestDDT" name="verify_loginDDT" time="115.843"/>
</testsuite> <!-- Test -->
